13:18:55.885 INFO - Launching a standalone server
Setting system property webdriver.chrome.driver to selenium/chromedriver
13:18:55.917 INFO - Java: Apple Inc. 20.65-b04-466.1
13:18:55.917 INFO - OS: Mac OS X 10.10.2 x86_64
13:18:55.925 INFO - v2.45.0, with Core v2.45.0. Built from revision 5017cb8
13:18:55.993 INFO - Default driver org.openqa.selenium.ie.InternetExplorerDriver registration is skipped: registration capabilities Capabilities [{platform=WINDOWS, ensureCleanSession=true, browserName=internet explorer, version=}] does not match with current platform: MAC
13:18:56.022 INFO - RemoteWebDriver instances should connect to: http://127.0.0.1:4444/wd/hub
13:18:56.023 INFO - Version Jetty/5.1.x
13:18:56.023 INFO - Started HttpContext[/selenium-server/driver,/selenium-server/driver]
13:18:56.024 INFO - Started HttpContext[/selenium-server,/selenium-server]
13:18:56.024 INFO - Started HttpContext[/,/]
13:18:56.072 INFO - Started org.openqa.jetty.jetty.servlet.ServletHandler@643c0007
13:18:56.072 INFO - Started HttpContext[/wd,/wd]
13:18:56.077 INFO - Started SocketListener on 0.0.0.0:4444
13:18:56.077 INFO - Started org.openqa.jetty.jetty.Server@35c0e45a
13:18:56.284 INFO - Executing: [new session: Capabilities [{platform=ANY, acceptSslCerts=true, javascriptEnabled=true, browserName=firefox, name=App Layout}]])
13:18:56.294 INFO - Creating a new session for Capabilities [{platform=ANY, acceptSslCerts=true, javascriptEnabled=true, browserName=firefox, name=App Layout}]
13:18:58.968 INFO - Done: [new session: Capabilities [{platform=ANY, acceptSslCerts=true, javascriptEnabled=true, browserName=firefox, name=App Layout}]]
13:18:58.977 INFO - Executing: [get: http://localhost:3000])
13:19:00.815 INFO - Done: [get: http://localhost:3000]
13:19:00.820 INFO - Executing: [set window size])
13:19:00.944 INFO - Done: [set window size]
13:19:00.949 INFO - Executing: [find element: By.cssSelector: body])
13:19:01.058 INFO - Done: [find element: By.cssSelector: body]
13:19:01.061 INFO - Executing: [delete session: 69be9576-1f00-4f48-99b1-aea78ca58e8d])
13:19:01.234 INFO - Done: [delete session: 69be9576-1f00-4f48-99b1-aea78ca58e8d]
13:19:01.462 INFO - Executing: [new session: Capabilities [{platform=ANY, acceptSslCerts=true, javascriptEnabled=true, browserName=firefox, name=User Sign In Workflow}]])
13:19:01.463 INFO - Creating a new session for Capabilities [{platform=ANY, acceptSslCerts=true, javascriptEnabled=true, browserName=firefox, name=User Sign In Workflow}]
13:19:03.588 INFO - Done: [new session: Capabilities [{platform=ANY, acceptSslCerts=true, javascriptEnabled=true, browserName=firefox, name=User Sign In Workflow}]]
13:19:03.593 INFO - Executing: [get: http://localhost:3000])
13:19:05.145 INFO - Done: [get: http://localhost:3000]
13:19:05.149 INFO - Executing: [set window size])
13:19:05.274 INFO - Done: [set window size]
13:19:05.278 INFO - Executing: [find element: By.cssSelector: body])
13:19:05.375 INFO - Done: [find element: By.cssSelector: body]
13:19:05.378 INFO - Executing: [find element: By.cssSelector: #userMenu])
13:19:06.384 WARN - Exception thrown
org.openqa.selenium.NoSuchElementException: Unable to locate element: {"method":"css selector","selector":"#userMenu"}
Command duration or timeout: 67 milliseconds
For documentation on this error, please visit: http://seleniumhq.org/exceptions/no_such_element.html
Build info: version: '2.45.0', revision: '5017cb8', time: '2015-02-26 23:59:50'
System info: host: 'Abigails-Mini', ip: '192.168.1.105', os.name: 'Mac OS X', os.arch: 'x86_64', os.version: '10.10.2', java.version: '1.6.0_65'
*** Element info: {Using=css selector, value=#userMenu}
Session ID: 75dc08a5-a6a5-d94f-916e-86684b6ab204
Driver info: org.openqa.selenium.firefox.FirefoxDriver
Capabilities [{platform=MAC, acceptSslCerts=true, javascriptEnabled=true, browserName=firefox, rotatable=false, locationContextEnabled=true, version=35.0, cssSelectorsEnabled=true, databaseEnabled=true, handlesAlerts=true, nativeEvents=false, webStorageEnabled=true, applicationCacheEnabled=true, takesScreenshot=true}]
	at sun.reflect.NativeConstructorAccessorImpl.newInstance0(Native Method)
	at sun.reflect.NativeConstructorAccessorImpl.newInstance(NativeConstructorAccessorImpl.java:39)
	at sun.reflect.DelegatingConstructorAccessorImpl.newInstance(DelegatingConstructorAccessorImpl.java:27)
	at java.lang.reflect.Constructor.newInstance(Constructor.java:513)
	at org.openqa.selenium.remote.ErrorHandler.createThrowable(ErrorHandler.java:204)
	at org.openqa.selenium.remote.ErrorHandler.throwIfResponseFailed(ErrorHandler.java:156)
	at org.openqa.selenium.remote.RemoteWebDriver.execute(RemoteWebDriver.java:599)
	at org.openqa.selenium.remote.RemoteWebDriver.findElement(RemoteWebDriver.java:352)
	at org.openqa.selenium.remote.RemoteWebDriver.findElementByCssSelector(RemoteWebDriver.java:441)
	at org.openqa.selenium.By$ByCssSelector.findElement(By.java:426)
	at org.openqa.selenium.remote.RemoteWebDriver.findElement(RemoteWebDriver.java:344)
	at sun.reflect.NativeMethodAccessorImpl.invoke0(Native Method)
	at sun.reflect.NativeMethodAccessorImpl.invoke(NativeMethodAccessorImpl.java:39)
	at sun.reflect.DelegatingMethodAccessorImpl.invoke(DelegatingMethodAccessorImpl.java:25)
	at java.lang.reflect.Method.invoke(Method.java:597)
	at org.openqa.selenium.support.events.EventFiringWebDriver$2.invoke(EventFiringWebDriver.java:101)
	at com.sun.proxy.$Proxy1.findElement(Unknown Source)
	at org.openqa.selenium.support.events.EventFiringWebDriver.findElement(EventFiringWebDriver.java:184)
	at org.openqa.selenium.remote.server.handler.FindElement.call(FindElement.java:47)
	at org.openqa.selenium.remote.server.handler.FindElement.call(FindElement.java:1)
	at java.util.concurrent.FutureTask$Sync.innerRun(FutureTask.java:303)
	at java.util.concurrent.FutureTask.run(FutureTask.java:138)
	at org.openqa.selenium.remote.server.DefaultSession$1.run(DefaultSession.java:168)
	at java.util.concurrent.ThreadPoolExecutor$Worker.runTask(ThreadPoolExecutor.java:895)
	at java.util.concurrent.ThreadPoolExecutor$Worker.run(ThreadPoolExecutor.java:918)
	at java.lang.Thread.run(Thread.java:695)
Caused by: org.openqa.selenium.NoSuchElementException: Unable to locate element: {"method":"css selector","selector":"#userMenu"}
For documentation on this error, please visit: http://seleniumhq.org/exceptions/no_such_element.html
Build info: version: '2.45.0', revision: '5017cb8', time: '2015-02-26 23:59:50'
System info: host: 'Abigails-Mini', ip: '192.168.1.105', os.name: 'Mac OS X', os.arch: 'x86_64', os.version: '10.10.2', java.version: '1.6.0_65'
Driver info: driver.version: unknown
	at <anonymous class>.FirefoxDriver.prototype.findElementInternal_(file:///var/folders/wy/x2wnhsd15rxbcnwr07g161b00000gn/T/anonymous1956882770122897712webdriver-profile/extensions/fxdriver@googlecode.com/components/driver-component.js:10271)
	at <anonymous class>.FirefoxDriver.prototype.findElement(file:///var/folders/wy/x2wnhsd15rxbcnwr07g161b00000gn/T/anonymous1956882770122897712webdriver-profile/extensions/fxdriver@googlecode.com/components/driver-component.js:10280)
	at <anonymous class>.DelayedCommand.prototype.executeInternal_/h(file:///var/folders/wy/x2wnhsd15rxbcnwr07g161b00000gn/T/anonymous1956882770122897712webdriver-profile/extensions/fxdriver@googlecode.com/components/command-processor.js:12274)
	at <anonymous class>.DelayedCommand.prototype.executeInternal_(file:///var/folders/wy/x2wnhsd15rxbcnwr07g161b00000gn/T/anonymous1956882770122897712webdriver-profile/extensions/fxdriver@googlecode.com/components/command-processor.js:12279)
	at <anonymous class>.DelayedCommand.prototype.execute/<(file:///var/folders/wy/x2wnhsd15rxbcnwr07g161b00000gn/T/anonymous1956882770122897712webdriver-profile/extensions/fxdriver@googlecode.com/components/command-processor.js:12221)
13:19:06.389 WARN - Exception: Unable to locate element: {"method":"css selector","selector":"#userMenu"}
For documentation on this error, please visit: http://seleniumhq.org/exceptions/no_such_element.html
Build info: version: '2.45.0', revision: '5017cb8', time: '2015-02-26 23:59:50'
System info: host: 'Abigails-Mini', ip: '192.168.1.105', os.name: 'Mac OS X', os.arch: 'x86_64', os.version: '10.10.2', java.version: '1.6.0_65'
Driver info: driver.version: unknown
13:19:06.456 INFO - Executing: [find element: By.cssSelector: #signInLink])
13:19:06.465 INFO - Done: [find element: By.cssSelector: #signInLink]
13:19:06.470 INFO - Executing: [find element: By.cssSelector: #signUpLink])
13:19:06.518 INFO - Done: [find element: By.cssSelector: #signUpLink]
13:19:06.521 INFO - Executing: [find element: By.cssSelector: #signUpLink])
13:19:06.572 INFO - Done: [find element: By.cssSelector: #signUpLink]
13:19:06.575 INFO - Executing: [click: 2 [[FirefoxDriver: firefox on MAC (75dc08a5-a6a5-d94f-916e-86684b6ab204)] -> css selector: #signUpLink]])
13:19:06.827 INFO - Done: [click: 2 [[FirefoxDriver: firefox on MAC (75dc08a5-a6a5-d94f-916e-86684b6ab204)] -> css selector: #signUpLink]]
13:19:07.135 INFO - Executing: [find element: By.cssSelector: #at-pwd-form])
13:19:07.144 INFO - Done: [find element: By.cssSelector: #at-pwd-form]
13:19:07.147 INFO - Executing: [is displayed: 3 [[FirefoxDriver: firefox on MAC (75dc08a5-a6a5-d94f-916e-86684b6ab204)] -> css selector: #at-pwd-form]])
13:19:07.202 INFO - Done: [is displayed: 3 [[FirefoxDriver: firefox on MAC (75dc08a5-a6a5-d94f-916e-86684b6ab204)] -> css selector: #at-pwd-form]]
13:19:07.206 INFO - Executing: [find element: By.cssSelector: #at-field-username])
13:19:07.261 INFO - Done: [find element: By.cssSelector: #at-field-username]
13:19:07.265 INFO - Executing: [find element: By.cssSelector: #at-field-email])
13:19:07.323 INFO - Done: [find element: By.cssSelector: #at-field-email]
13:19:07.326 INFO - Executing: [find element: By.cssSelector: #at-field-password])
13:19:07.383 INFO - Done: [find element: By.cssSelector: #at-field-password]
13:19:07.387 INFO - Executing: [find element: By.cssSelector: #at-btn])
13:19:07.444 INFO - Done: [find element: By.cssSelector: #at-btn]
13:19:07.448 INFO - Executing: [find element: By.cssSelector: #at-field-username])
13:19:07.508 INFO - Done: [find element: By.cssSelector: #at-field-username]
13:19:07.512 INFO - Executing: [send keys: 4 [[FirefoxDriver: firefox on MAC (75dc08a5-a6a5-d94f-916e-86684b6ab204)] -> css selector: #at-field-username], [j, a, n, e, d, o, e, 1, 2, 3]])
13:19:07.628 INFO - Done: [send keys: 4 [[FirefoxDriver: firefox on MAC (75dc08a5-a6a5-d94f-916e-86684b6ab204)] -> css selector: #at-field-username], [j, a, n, e, d, o, e, 1, 2, 3]]
13:19:07.631 INFO - Executing: [find element: By.cssSelector: #at-field-email])
13:19:07.694 INFO - Done: [find element: By.cssSelector: #at-field-email]
13:19:07.698 INFO - Executing: [send keys: 5 [[FirefoxDriver: firefox on MAC (75dc08a5-a6a5-d94f-916e-86684b6ab204)] -> css selector: #at-field-email], [j, a, n, e, d, o, e, @, t, e, s, t, ., o, r, g]])
13:19:07.824 INFO - Done: [send keys: 5 [[FirefoxDriver: firefox on MAC (75dc08a5-a6a5-d94f-916e-86684b6ab204)] -> css selector: #at-field-email], [j, a, n, e, d, o, e, @, t, e, s, t, ., o, r, g]]
13:19:07.828 INFO - Executing: [find element: By.cssSelector: #at-field-password])
13:19:07.888 INFO - Done: [find element: By.cssSelector: #at-field-password]
13:19:07.891 INFO - Executing: [send keys: 6 [[FirefoxDriver: firefox on MAC (75dc08a5-a6a5-d94f-916e-86684b6ab204)] -> css selector: #at-field-password], [j, a, n, e, d, o, e, 1, 2, 3]])
13:19:07.999 INFO - Done: [send keys: 6 [[FirefoxDriver: firefox on MAC (75dc08a5-a6a5-d94f-916e-86684b6ab204)] -> css selector: #at-field-password], [j, a, n, e, d, o, e, 1, 2, 3]]
13:19:08.002 INFO - Executing: [find element: By.cssSelector: #at-btn])
13:19:08.060 INFO - Done: [find element: By.cssSelector: #at-btn]
13:19:08.062 INFO - Executing: [click: 7 [[FirefoxDriver: firefox on MAC (75dc08a5-a6a5-d94f-916e-86684b6ab204)] -> css selector: #at-btn]])
13:19:08.212 INFO - Done: [click: 7 [[FirefoxDriver: firefox on MAC (75dc08a5-a6a5-d94f-916e-86684b6ab204)] -> css selector: #at-btn]]
13:19:09.219 INFO - Executing: [find element: By.cssSelector: #mainContent])
13:19:09.228 INFO - Done: [find element: By.cssSelector: #mainContent]
13:19:09.232 INFO - Executing: [find element: By.cssSelector: #userMenu])
13:19:09.302 INFO - Done: [find element: By.cssSelector: #userMenu]
13:19:09.305 INFO - Executing: [find element: By.cssSelector: #currentUsername])
13:19:09.364 INFO - Done: [find element: By.cssSelector: #currentUsername]
13:19:09.368 INFO - Executing: [find element: By.cssSelector: #currentUsername])
13:19:09.427 INFO - Done: [find element: By.cssSelector: #currentUsername]
13:19:09.429 INFO - Executing: [click: 10 [[FirefoxDriver: firefox on MAC (75dc08a5-a6a5-d94f-916e-86684b6ab204)] -> css selector: #currentUsername]])
13:19:09.543 INFO - Done: [click: 10 [[FirefoxDriver: firefox on MAC (75dc08a5-a6a5-d94f-916e-86684b6ab204)] -> css selector: #currentUsername]]
13:19:09.851 INFO - Executing: [find element: By.cssSelector: #myAccountLink])
13:19:09.862 INFO - Done: [find element: By.cssSelector: #myAccountLink]
13:19:09.865 INFO - Executing: [find element: By.cssSelector: #signOutButton])
13:19:09.917 INFO - Done: [find element: By.cssSelector: #signOutButton]
13:19:09.921 INFO - Executing: [find element: By.cssSelector: #signOutButton])
13:19:09.979 INFO - Done: [find element: By.cssSelector: #signOutButton]
13:19:09.994 INFO - Executing: [click: 12 [[FirefoxDriver: firefox on MAC (75dc08a5-a6a5-d94f-916e-86684b6ab204)] -> css selector: #signOutButton]])
13:19:10.112 INFO - Done: [click: 12 [[FirefoxDriver: firefox on MAC (75dc08a5-a6a5-d94f-916e-86684b6ab204)] -> css selector: #signOutButton]]
13:19:10.620 INFO - Executing: [find element: By.cssSelector: #userMenu])
13:19:11.155 WARN - Exception thrown
org.openqa.selenium.NoSuchElementException: Unable to locate element: {"method":"css selector","selector":"#userMenu"}
Command duration or timeout: 11 milliseconds
For documentation on this error, please visit: http://seleniumhq.org/exceptions/no_such_element.html
Build info: version: '2.45.0', revision: '5017cb8', time: '2015-02-26 23:59:50'
System info: host: 'Abigails-Mini', ip: '192.168.1.105', os.name: 'Mac OS X', os.arch: 'x86_64', os.version: '10.10.2', java.version: '1.6.0_65'
*** Element info: {Using=css selector, value=#userMenu}
Session ID: 75dc08a5-a6a5-d94f-916e-86684b6ab204
Driver info: org.openqa.selenium.firefox.FirefoxDriver
Capabilities [{platform=MAC, acceptSslCerts=true, javascriptEnabled=true, browserName=firefox, rotatable=false, locationContextEnabled=true, version=35.0, cssSelectorsEnabled=true, databaseEnabled=true, handlesAlerts=true, nativeEvents=false, webStorageEnabled=true, applicationCacheEnabled=true, takesScreenshot=true}]
	at sun.reflect.NativeConstructorAccessorImpl.newInstance0(Native Method)
	at sun.reflect.NativeConstructorAccessorImpl.newInstance(NativeConstructorAccessorImpl.java:39)
	at sun.reflect.DelegatingConstructorAccessorImpl.newInstance(DelegatingConstructorAccessorImpl.java:27)
	at java.lang.reflect.Constructor.newInstance(Constructor.java:513)
	at org.openqa.selenium.remote.ErrorHandler.createThrowable(ErrorHandler.java:204)
	at org.openqa.selenium.remote.ErrorHandler.throwIfResponseFailed(ErrorHandler.java:156)
	at org.openqa.selenium.remote.RemoteWebDriver.execute(RemoteWebDriver.java:599)
	at org.openqa.selenium.remote.RemoteWebDriver.findElement(RemoteWebDriver.java:352)
	at org.openqa.selenium.remote.RemoteWebDriver.findElementByCssSelector(RemoteWebDriver.java:441)
	at org.openqa.selenium.By$ByCssSelector.findElement(By.java:426)
	at org.openqa.selenium.remote.RemoteWebDriver.findElement(RemoteWebDriver.java:344)
	at sun.reflect.GeneratedMethodAccessor11.invoke(Unknown Source)
	at sun.reflect.DelegatingMethodAccessorImpl.invoke(DelegatingMethodAccessorImpl.java:25)
	at java.lang.reflect.Method.invoke(Method.java:597)
	at org.openqa.selenium.support.events.EventFiringWebDriver$2.invoke(EventFiringWebDriver.java:101)
	at com.sun.proxy.$Proxy1.findElement(Unknown Source)
	at org.openqa.selenium.support.events.EventFiringWebDriver.findElement(EventFiringWebDriver.java:184)
	at org.openqa.selenium.remote.server.handler.FindElement.call(FindElement.java:47)
	at org.openqa.selenium.remote.server.handler.FindElement.call(FindElement.java:1)
	at java.util.concurrent.FutureTask$Sync.innerRun(FutureTask.java:303)
	at java.util.concurrent.FutureTask.run(FutureTask.java:138)
	at org.openqa.selenium.remote.server.DefaultSession$1.run(DefaultSession.java:168)
	at java.util.concurrent.ThreadPoolExecutor$Worker.runTask(ThreadPoolExecutor.java:895)
	at java.util.concurrent.ThreadPoolExecutor$Worker.run(ThreadPoolExecutor.java:918)
	at java.lang.Thread.run(Thread.java:695)
Caused by: org.openqa.selenium.NoSuchElementException: Unable to locate element: {"method":"css selector","selector":"#userMenu"}
For documentation on this error, please visit: http://seleniumhq.org/exceptions/no_such_element.html
Build info: version: '2.45.0', revision: '5017cb8', time: '2015-02-26 23:59:50'
System info: host: 'Abigails-Mini', ip: '192.168.1.105', os.name: 'Mac OS X', os.arch: 'x86_64', os.version: '10.10.2', java.version: '1.6.0_65'
Driver info: driver.version: unknown
	at <anonymous class>.FirefoxDriver.prototype.findElementInternal_(file:///var/folders/wy/x2wnhsd15rxbcnwr07g161b00000gn/T/anonymous1956882770122897712webdriver-profile/extensions/fxdriver@googlecode.com/components/driver-component.js:10271)
	at <anonymous class>.FirefoxDriver.prototype.findElement(file:///var/folders/wy/x2wnhsd15rxbcnwr07g161b00000gn/T/anonymous1956882770122897712webdriver-profile/extensions/fxdriver@googlecode.com/components/driver-component.js:10280)
	at <anonymous class>.DelayedCommand.prototype.executeInternal_/h(file:///var/folders/wy/x2wnhsd15rxbcnwr07g161b00000gn/T/anonymous1956882770122897712webdriver-profile/extensions/fxdriver@googlecode.com/components/command-processor.js:12274)
	at <anonymous class>.DelayedCommand.prototype.executeInternal_(file:///var/folders/wy/x2wnhsd15rxbcnwr07g161b00000gn/T/anonymous1956882770122897712webdriver-profile/extensions/fxdriver@googlecode.com/components/command-processor.js:12279)
	at <anonymous class>.DelayedCommand.prototype.execute/<(file:///var/folders/wy/x2wnhsd15rxbcnwr07g161b00000gn/T/anonymous1956882770122897712webdriver-profile/extensions/fxdriver@googlecode.com/components/command-processor.js:12221)
13:19:11.157 WARN - Exception: Unable to locate element: {"method":"css selector","selector":"#userMenu"}
For documentation on this error, please visit: http://seleniumhq.org/exceptions/no_such_element.html
Build info: version: '2.45.0', revision: '5017cb8', time: '2015-02-26 23:59:50'
System info: host: 'Abigails-Mini', ip: '192.168.1.105', os.name: 'Mac OS X', os.arch: 'x86_64', os.version: '10.10.2', java.version: '1.6.0_65'
Driver info: driver.version: unknown
13:19:11.223 INFO - Executing: [find element: By.cssSelector: #currentUsername])
13:19:11.765 WARN - Exception thrown
org.openqa.selenium.NoSuchElementException: Unable to locate element: {"method":"css selector","selector":"#currentUsername"}
Command duration or timeout: 12 milliseconds
For documentation on this error, please visit: http://seleniumhq.org/exceptions/no_such_element.html
Build info: version: '2.45.0', revision: '5017cb8', time: '2015-02-26 23:59:50'
System info: host: 'Abigails-Mini', ip: '192.168.1.105', os.name: 'Mac OS X', os.arch: 'x86_64', os.version: '10.10.2', java.version: '1.6.0_65'
*** Element info: {Using=css selector, value=#currentUsername}
Session ID: 75dc08a5-a6a5-d94f-916e-86684b6ab204
Driver info: org.openqa.selenium.firefox.FirefoxDriver
Capabilities [{platform=MAC, acceptSslCerts=true, javascriptEnabled=true, browserName=firefox, rotatable=false, locationContextEnabled=true, version=35.0, cssSelectorsEnabled=true, databaseEnabled=true, handlesAlerts=true, nativeEvents=false, webStorageEnabled=true, applicationCacheEnabled=true, takesScreenshot=true}]
	at sun.reflect.NativeConstructorAccessorImpl.newInstance0(Native Method)
	at sun.reflect.NativeConstructorAccessorImpl.newInstance(NativeConstructorAccessorImpl.java:39)
	at sun.reflect.DelegatingConstructorAccessorImpl.newInstance(DelegatingConstructorAccessorImpl.java:27)
	at java.lang.reflect.Constructor.newInstance(Constructor.java:513)
	at org.openqa.selenium.remote.ErrorHandler.createThrowable(ErrorHandler.java:204)
	at org.openqa.selenium.remote.ErrorHandler.throwIfResponseFailed(ErrorHandler.java:156)
	at org.openqa.selenium.remote.RemoteWebDriver.execute(RemoteWebDriver.java:599)
	at org.openqa.selenium.remote.RemoteWebDriver.findElement(RemoteWebDriver.java:352)
	at org.openqa.selenium.remote.RemoteWebDriver.findElementByCssSelector(RemoteWebDriver.java:441)
	at org.openqa.selenium.By$ByCssSelector.findElement(By.java:426)
	at org.openqa.selenium.remote.RemoteWebDriver.findElement(RemoteWebDriver.java:344)
	at sun.reflect.GeneratedMethodAccessor11.invoke(Unknown Source)
	at sun.reflect.DelegatingMethodAccessorImpl.invoke(DelegatingMethodAccessorImpl.java:25)
	at java.lang.reflect.Method.invoke(Method.java:597)
	at org.openqa.selenium.support.events.EventFiringWebDriver$2.invoke(EventFiringWebDriver.java:101)
	at com.sun.proxy.$Proxy1.findElement(Unknown Source)
	at org.openqa.selenium.support.events.EventFiringWebDriver.findElement(EventFiringWebDriver.java:184)
	at org.openqa.selenium.remote.server.handler.FindElement.call(FindElement.java:47)
	at org.openqa.selenium.remote.server.handler.FindElement.call(FindElement.java:1)
	at java.util.concurrent.FutureTask$Sync.innerRun(FutureTask.java:303)
	at java.util.concurrent.FutureTask.run(FutureTask.java:138)
	at org.openqa.selenium.remote.server.DefaultSession$1.run(DefaultSession.java:168)
	at java.util.concurrent.ThreadPoolExecutor$Worker.runTask(ThreadPoolExecutor.java:895)
	at java.util.concurrent.ThreadPoolExecutor$Worker.run(ThreadPoolExecutor.java:918)
	at java.lang.Thread.run(Thread.java:695)
Caused by: org.openqa.selenium.NoSuchElementException: Unable to locate element: {"method":"css selector","selector":"#currentUsername"}
For documentation on this error, please visit: http://seleniumhq.org/exceptions/no_such_element.html
Build info: version: '2.45.0', revision: '5017cb8', time: '2015-02-26 23:59:50'
System info: host: 'Abigails-Mini', ip: '192.168.1.105', os.name: 'Mac OS X', os.arch: 'x86_64', os.version: '10.10.2', java.version: '1.6.0_65'
Driver info: driver.version: unknown
	at <anonymous class>.FirefoxDriver.prototype.findElementInternal_(file:///var/folders/wy/x2wnhsd15rxbcnwr07g161b00000gn/T/anonymous1956882770122897712webdriver-profile/extensions/fxdriver@googlecode.com/components/driver-component.js:10271)
	at <anonymous class>.FirefoxDriver.prototype.findElement(file:///var/folders/wy/x2wnhsd15rxbcnwr07g161b00000gn/T/anonymous1956882770122897712webdriver-profile/extensions/fxdriver@googlecode.com/components/driver-component.js:10280)
	at <anonymous class>.DelayedCommand.prototype.executeInternal_/h(file:///var/folders/wy/x2wnhsd15rxbcnwr07g161b00000gn/T/anonymous1956882770122897712webdriver-profile/extensions/fxdriver@googlecode.com/components/command-processor.js:12274)
	at <anonymous class>.DelayedCommand.prototype.executeInternal_(file:///var/folders/wy/x2wnhsd15rxbcnwr07g161b00000gn/T/anonymous1956882770122897712webdriver-profile/extensions/fxdriver@googlecode.com/components/command-processor.js:12279)
	at <anonymous class>.DelayedCommand.prototype.execute/<(file:///var/folders/wy/x2wnhsd15rxbcnwr07g161b00000gn/T/anonymous1956882770122897712webdriver-profile/extensions/fxdriver@googlecode.com/components/command-processor.js:12221)
13:19:11.766 WARN - Exception: Unable to locate element: {"method":"css selector","selector":"#currentUsername"}
For documentation on this error, please visit: http://seleniumhq.org/exceptions/no_such_element.html
Build info: version: '2.45.0', revision: '5017cb8', time: '2015-02-26 23:59:50'
System info: host: 'Abigails-Mini', ip: '192.168.1.105', os.name: 'Mac OS X', os.arch: 'x86_64', os.version: '10.10.2', java.version: '1.6.0_65'
Driver info: driver.version: unknown
13:19:11.836 INFO - Executing: [find element: By.cssSelector: #signInLink])
13:19:11.844 INFO - Done: [find element: By.cssSelector: #signInLink]
13:19:11.847 INFO - Executing: [find element: By.cssSelector: #signUpLink])
13:19:11.897 INFO - Done: [find element: By.cssSelector: #signUpLink]
13:19:11.900 INFO - Executing: [find element: By.cssSelector: #signInLink])
13:19:11.955 INFO - Done: [find element: By.cssSelector: #signInLink]
13:19:11.958 INFO - Executing: [click: 13 [[FirefoxDriver: firefox on MAC (75dc08a5-a6a5-d94f-916e-86684b6ab204)] -> css selector: #signInLink]])
13:19:12.159 INFO - Done: [click: 13 [[FirefoxDriver: firefox on MAC (75dc08a5-a6a5-d94f-916e-86684b6ab204)] -> css selector: #signInLink]]
13:19:12.467 INFO - Executing: [find element: By.cssSelector: #at-pwd-form])
13:19:12.476 INFO - Done: [find element: By.cssSelector: #at-pwd-form]
13:19:12.479 INFO - Executing: [is displayed: 15 [[FirefoxDriver: firefox on MAC (75dc08a5-a6a5-d94f-916e-86684b6ab204)] -> css selector: #at-pwd-form]])
13:19:12.562 INFO - Done: [is displayed: 15 [[FirefoxDriver: firefox on MAC (75dc08a5-a6a5-d94f-916e-86684b6ab204)] -> css selector: #at-pwd-form]]
13:19:12.565 INFO - Executing: [find element: By.cssSelector: #at-field-username_and_email])
13:19:12.624 INFO - Done: [find element: By.cssSelector: #at-field-username_and_email]
13:19:12.628 INFO - Executing: [find element: By.cssSelector: #at-field-password])
13:19:12.684 INFO - Done: [find element: By.cssSelector: #at-field-password]
13:19:12.687 INFO - Executing: [find element: By.cssSelector: #at-btn])
13:19:12.744 INFO - Done: [find element: By.cssSelector: #at-btn]
13:19:12.747 INFO - Executing: [find element: By.cssSelector: #at-field-username_and_email])
13:19:12.803 INFO - Done: [find element: By.cssSelector: #at-field-username_and_email]
13:19:12.807 INFO - Executing: [send keys: 16 [[FirefoxDriver: firefox on MAC (75dc08a5-a6a5-d94f-916e-86684b6ab204)] -> css selector: #at-field-username_and_email], [j, a, n, e, d, o, e, 1, 2, 3]])
13:19:12.922 INFO - Done: [send keys: 16 [[FirefoxDriver: firefox on MAC (75dc08a5-a6a5-d94f-916e-86684b6ab204)] -> css selector: #at-field-username_and_email], [j, a, n, e, d, o, e, 1, 2, 3]]
13:19:12.926 INFO - Executing: [find element: By.cssSelector: #at-field-password])
13:19:12.986 INFO - Done: [find element: By.cssSelector: #at-field-password]
13:19:12.990 INFO - Executing: [send keys: 17 [[FirefoxDriver: firefox on MAC (75dc08a5-a6a5-d94f-916e-86684b6ab204)] -> css selector: #at-field-password], [j, a, n, e, d, o, e, 1, 2, 3]])
13:19:13.103 INFO - Done: [send keys: 17 [[FirefoxDriver: firefox on MAC (75dc08a5-a6a5-d94f-916e-86684b6ab204)] -> css selector: #at-field-password], [j, a, n, e, d, o, e, 1, 2, 3]]
13:19:13.107 INFO - Executing: [find element: By.cssSelector: #at-btn])
13:19:13.174 INFO - Done: [find element: By.cssSelector: #at-btn]
13:19:13.176 INFO - Executing: [click: 18 [[FirefoxDriver: firefox on MAC (75dc08a5-a6a5-d94f-916e-86684b6ab204)] -> css selector: #at-btn]])
13:19:13.317 INFO - Done: [click: 18 [[FirefoxDriver: firefox on MAC (75dc08a5-a6a5-d94f-916e-86684b6ab204)] -> css selector: #at-btn]]
13:19:14.323 INFO - Executing: [find element: By.cssSelector: #userMenu])
13:19:14.332 INFO - Done: [find element: By.cssSelector: #userMenu]
13:19:14.335 INFO - Executing: [find element: By.cssSelector: #currentUsername])
13:19:14.397 INFO - Done: [find element: By.cssSelector: #currentUsername]
13:19:14.400 INFO - Executing: [find element: By.cssSelector: #currentUsername])
13:19:14.458 INFO - Done: [find element: By.cssSelector: #currentUsername]
13:19:14.461 INFO - Executing: [click: 20 [[FirefoxDriver: firefox on MAC (75dc08a5-a6a5-d94f-916e-86684b6ab204)] -> css selector: #currentUsername]])
13:19:14.575 INFO - Done: [click: 20 [[FirefoxDriver: firefox on MAC (75dc08a5-a6a5-d94f-916e-86684b6ab204)] -> css selector: #currentUsername]]
13:19:14.879 INFO - Executing: [find element: By.cssSelector: #myAccountLink])
13:19:14.887 INFO - Done: [find element: By.cssSelector: #myAccountLink]
13:19:14.890 INFO - Executing: [find element: By.cssSelector: #signOutButton])
13:19:14.943 INFO - Done: [find element: By.cssSelector: #signOutButton]
13:19:14.946 INFO - Executing: [find element: By.cssSelector: #signOutButton])
13:19:15.007 INFO - Done: [find element: By.cssSelector: #signOutButton]
13:19:15.010 INFO - Executing: [click: 22 [[FirefoxDriver: firefox on MAC (75dc08a5-a6a5-d94f-916e-86684b6ab204)] -> css selector: #signOutButton]])
13:19:15.128 INFO - Done: [click: 22 [[FirefoxDriver: firefox on MAC (75dc08a5-a6a5-d94f-916e-86684b6ab204)] -> css selector: #signOutButton]]
13:19:15.633 INFO - Executing: [delete session: 969a28d0-53ad-4f77-b065-c6c98153077d])
13:19:15.737 INFO - Done: [delete session: 969a28d0-53ad-4f77-b065-c6c98153077d]
